> Task :gradle-plugin:settings-plugin:checkKotlinGradlePluginConfigurationErrors SKIPPED
> Task :gradle-plugin:shared:checkKotlinGradlePluginConfigurationErrors SKIPPED
> Task :gradle-plugin:shared:compileKotlin UP-TO-DATE
> Task :gradle-plugin:shared:compileJava NO-SOURCE
> Task :gradle-plugin:shared:processResources NO-SOURCE
> Task :gradle-plugin:shared:classes UP-TO-DATE
> Task :gradle-plugin:shared:jar UP-TO-DATE
> Task :gradle-plugin:settings-plugin:compileKotlin UP-TO-DATE
> Task :gradle-plugin:settings-plugin:compileJava NO-SOURCE
> Task :gradle-plugin:settings-plugin:pluginDescriptors UP-TO-DATE
> Task :gradle-plugin:settings-plugin:processResources UP-TO-DATE
> Task :gradle-plugin:settings-plugin:classes UP-TO-DATE
> Task :gradle-plugin:settings-plugin:jar UP-TO-DATE
> Task :gradle-plugin:react-native-gradle-plugin:checkKotlinGradlePluginConfigurationErrors SKIPPED
> Task :gradle-plugin:react-native-gradle-plugin:compileKotlin UP-TO-DATE
> Task :gradle-plugin:react-native-gradle-plugin:compileJava NO-SOURCE
> Task :gradle-plugin:react-native-gradle-plugin:pluginDescriptors UP-TO-DATE
> Task :gradle-plugin:react-native-gradle-plugin:processResources UP-TO-DATE
> Task :gradle-plugin:react-native-gradle-plugin:classes UP-TO-DATE
> Task :gradle-plugin:react-native-gradle-plugin:jar UP-TO-DATE

> Configure project :app
Build was configured to prefer settings repositories over project repositories but repository 'maven' was added by plugin 'com.facebook.react'
Build was configured to prefer settings repositories over project repositories but repository 'MavenRepo' was added by plugin 'com.facebook.react'
Build was configured to prefer settings repositories over project repositories but repository 'Google' was added by plugin 'com.facebook.react'
Build was configured to prefer settings repositories over project repositories but repository 'maven2' was added by plugin 'com.facebook.react'
Build was configured to prefer settings repositories over project repositories but repository 'maven' was added by plugin 'com.facebook.react'
Build was configured to prefer settings repositories over project repositories but repository 'MavenRepo' was added by plugin 'com.facebook.react'
Build was configured to prefer settings repositories over project repositories but repository 'Google' was added by plugin 'com.facebook.react'
Build was configured to prefer settings repositories over project repositories but repository 'maven2' was added by plugin 'com.facebook.react'
Build was configured to prefer settings repositories over project repositories but repository 'maven' was added by plugin 'com.facebook.react'
Build was configured to prefer settings repositories over project repositories but repository 'MavenRepo' was added by plugin 'com.facebook.react'
Build was configured to prefer settings repositories over project repositories but repository 'Google' was added by plugin 'com.facebook.react'
Build was configured to prefer settings repositories over project repositories but repository 'maven2' was added by plugin 'com.facebook.react'
Build was configured to prefer settings repositories over project repositories but repository 'maven' was added by plugin 'com.facebook.react'
Build was configured to prefer settings repositories over project repositories but repository 'MavenRepo' was added by plugin 'com.facebook.react'
Build was configured to prefer settings repositories over project repositories but repository 'Google' was added by plugin 'com.facebook.react'
Build was configured to prefer settings repositories over project repositories but repository 'maven2' was added by plugin 'com.facebook.react'
Build was configured to prefer settings repositories over project repositories but repository 'maven' was added by plugin 'com.facebook.react'
Build was configured to prefer settings repositories over project repositories but repository 'MavenRepo' was added by plugin 'com.facebook.react'
Build was configured to prefer settings repositories over project repositories but repository 'Google' was added by plugin 'com.facebook.react'
Build was configured to prefer settings repositories over project repositories but repository 'maven2' was added by plugin 'com.facebook.react'

> Configure project :react-native-safe-area-context
Build was configured to prefer settings repositories over project repositories but repository 'Google2' was added by build file '../node_modules/react-native-safe-area-context/android/build.gradle'
Build was configured to prefer settings repositories over project repositories but repository 'maven3' was added by build file '../node_modules/react-native-safe-area-context/android/build.gradle'
Build was configured to prefer settings repositories over project repositories but repository 'MavenRepo2' was added by build file '../node_modules/react-native-safe-area-context/android/build.gradle'

> Configure project :react-native-screens
Build was configured to prefer settings repositories over project repositories but repository 'maven3' was added by build file '../node_modules/react-native-screens/android/build.gradle'
Build was configured to prefer settings repositories over project repositories but repository 'MavenRepo2' was added by build file '../node_modules/react-native-screens/android/build.gradle'
Build was configured to prefer settings repositories over project repositories but repository 'MavenLocal' was added by build file '../node_modules/react-native-screens/android/build.gradle'
Build was configured to prefer settings repositories over project repositories but repository 'Google2' was added by build file '../node_modules/react-native-screens/android/build.gradle'

> Configure project :react-native-vector-icons
Build was configured to prefer settings repositories over project repositories but repository 'maven3' was added by build file '../node_modules/react-native-vector-icons/android/build.gradle'
Build was configured to prefer settings repositories over project repositories but repository 'MavenRepo2' was added by build file '../node_modules/react-native-vector-icons/android/build.gradle'
Build was configured to prefer settings repositories over project repositories but repository 'Google2' was added by build file '../node_modules/react-native-vector-icons/android/build.gradle'

> Task :app:externalNativeBuildCleanDebug
Clean react_codegen_RNVectorIconsSpec-armeabi-v7a, react_codegen_safeareacontext-armeabi-v7a, react_codegen_rnscreens-armeabi-v7a, appmodules-armeabi-v7a
Clean react_codegen_RNVectorIconsSpec-arm64-v8a, react_codegen_safeareacontext-arm64-v8a, react_codegen_rnscreens-arm64-v8a, appmodules-arm64-v8a
Clean react_codegen_RNVectorIconsSpec-x86, react_codegen_safeareacontext-x86, react_codegen_rnscreens-x86, appmodules-x86
Clean react_codegen_RNVectorIconsSpec-x86_64, react_codegen_safeareacontext-x86_64, react_codegen_rnscreens-x86_64, appmodules-x86_64

> Task :app:externalNativeBuildCleanDebugOptimized
> Task :app:externalNativeBuildCleanRelease
> Task :app:clean
> Task :react-native-safe-area-context:clean

> Task :react-native-screens:externalNativeBuildCleanDebug
Clean rnscreens-armeabi-v7a
Clean rnscreens-arm64-v8a
Clean rnscreens-x86
Clean rnscreens-x86_64

> Task :react-native-screens:externalNativeBuildCleanRelease
> Task :react-native-screens:clean
> Task :react-native-vector-icons:clean
> Task :app:generateAutolinkingNewArchitectureFiles
> Task :app:generateAutolinkingPackageList
> Task :app:generateCodegenSchemaFromJavaScript SKIPPED
> Task :app:generateCodegenArtifactsFromSchema SKIPPED
> Task :app:generateReactNativeEntryPoint
> Task :react-native-safe-area-context:generateCodegenSchemaFromJavaScript
> Task :react-native-safe-area-context:generateCodegenArtifactsFromSchema
> Task :react-native-safe-area-context:preBuild
> Task :react-native-screens:generateCodegenSchemaFromJavaScript
> Task :react-native-screens:generateCodegenArtifactsFromSchema
> Task :react-native-screens:preBuild
> Task :react-native-vector-icons:generateCodegenSchemaFromJavaScript
> Task :react-native-vector-icons:generateCodegenArtifactsFromSchema
> Task :react-native-vector-icons:preBuild
> Task :app:preBuild
> Task :app:preDebugBuild
> Task :app:mergeDebugNativeDebugMetadata NO-SOURCE
> Task :app:checkKotlinGradlePluginConfigurationErrors SKIPPED
> Task :app:generateDebugBuildConfig
> Task :react-native-safe-area-context:preDebugBuild
> Task :react-native-screens:preDebugBuild
> Task :react-native-vector-icons:preDebugBuild
> Task :react-native-safe-area-context:writeDebugAarMetadata
> Task :react-native-screens:writeDebugAarMetadata
> Task :react-native-vector-icons:writeDebugAarMetadata
> Task :app:generateDebugResValues
> Task :react-native-safe-area-context:generateDebugResValues
> Task :react-native-safe-area-context:generateDebugResources
> Task :app:checkDebugAarMetadata
> Task :react-native-safe-area-context:packageDebugResources
> Task :react-native-screens:generateDebugResValues
> Task :react-native-screens:generateDebugResources
> Task :react-native-screens:packageDebugResources
> Task :react-native-vector-icons:generateDebugResValues
> Task :react-native-vector-icons:generateDebugResources
> Task :react-native-vector-icons:packageDebugResources
> Task :app:mapDebugSourceSetPaths
> Task :app:generateDebugResources
> Task :app:packageDebugResources
> Task :app:createDebugCompatibleScreenManifests
> Task :app:extractDeepLinksDebug
> Task :react-native-safe-area-context:extractDeepLinksDebug
> Task :react-native-screens:extractDeepLinksDebug
> Task :react-native-vector-icons:extractDeepLinksDebug
> Task :react-native-safe-area-context:compileDebugLibraryResources
> Task :react-native-safe-area-context:parseDebugLocalResources
> Task :react-native-vector-icons:compileDebugLibraryResources
> Task :react-native-screens:compileDebugLibraryResources
> Task :app:parseDebugLocalResources
> Task :react-native-screens:parseDebugLocalResources
> Task :react-native-safe-area-context:checkKotlinGradlePluginConfigurationErrors SKIPPED
> Task :react-native-safe-area-context:generateDebugBuildConfig
> Task :react-native-vector-icons:parseDebugLocalResources
> Task :react-native-screens:checkKotlinGradlePluginConfigurationErrors SKIPPED
> Task :react-native-safe-area-context:javaPreCompileDebug
> Task :react-native-screens:generateDebugBuildConfig
> Task :react-native-screens:javaPreCompileDebug
> Task :react-native-screens:processDebugManifest

> Task :react-native-safe-area-context:processDebugManifest
package="com.th3rdwave.safeareacontext" found in source AndroidManifest.xml: /Users/kyle/share/devel/ser/chat/node_modules/react-native-safe-area-context/android/src/main/AndroidManifest.xml.
Setting the namespace via the package attribute in the source AndroidManifest.xml is no longer supported, and the value is ignored.
Recommendation: remove package="com.th3rdwave.safeareacontext" from the source AndroidManifest.xml: /Users/kyle/share/devel/ser/chat/node_modules/react-native-safe-area-context/android/src/main/AndroidManifest.xml.

> Task :react-native-vector-icons:processDebugManifest
package="com.oblador.vectoricons" found in source AndroidManifest.xml: /Users/kyle/share/devel/ser/chat/node_modules/react-native-vector-icons/android/src/main/AndroidManifest.xml.
Setting the namespace via the package attribute in the source AndroidManifest.xml is no longer supported, and the value is ignored.
Recommendation: remove package="com.oblador.vectoricons" from the source AndroidManifest.xml: /Users/kyle/share/devel/ser/chat/node_modules/react-native-vector-icons/android/src/main/AndroidManifest.xml.

> Task :react-native-vector-icons:generateDebugBuildConfig
> Task :react-native-vector-icons:generateDebugRFile
> Task :react-native-screens:generateDebugRFile
> Task :react-native-safe-area-context:generateDebugRFile
> Task :app:processDebugMainManifest
> Task :app:processDebugManifest
> Task :app:mergeDebugResources
> Task :react-native-vector-icons:javaPreCompileDebug
> Task :app:javaPreCompileDebug

> Task :react-native-vector-icons:compileDebugJavaWithJavac
Note: Some input files use or override a deprecated API.
Note: Recompile with -Xlint:deprecation for details.

> Task :app:mergeDebugShaders
> Task :app:compileDebugShaders NO-SOURCE
> Task :react-native-vector-icons:bundleLibCompileToJarDebug
> Task :app:copyReactNativeVectorIconFonts
> Task :app:generateDebugAssets
> Task :react-native-safe-area-context:mergeDebugShaders
> Task :react-native-safe-area-context:compileDebugShaders NO-SOURCE
> Task :react-native-safe-area-context:generateDebugAssets UP-TO-DATE
> Task :react-native-safe-area-context:mergeDebugAssets
> Task :react-native-screens:mergeDebugShaders
> Task :react-native-screens:compileDebugShaders NO-SOURCE
> Task :react-native-screens:generateDebugAssets UP-TO-DATE
> Task :react-native-screens:mergeDebugAssets
> Task :react-native-vector-icons:mergeDebugShaders
> Task :app:processDebugManifestForPackage
> Task :react-native-vector-icons:compileDebugShaders NO-SOURCE
> Task :react-native-vector-icons:generateDebugAssets UP-TO-DATE
> Task :react-native-vector-icons:mergeDebugAssets
> Task :app:mergeDebugAssets
> Task :react-native-vector-icons:bundleLibRuntimeToJarDebug
> Task :app:desugarDebugFileDependencies
> Task :react-native-vector-icons:processDebugJavaRes NO-SOURCE
> Task :react-native-vector-icons:bundleLibRuntimeToDirDebug
> Task :app:compressDebugAssets
> Task :app:checkDebugDuplicateClasses

> Task :react-native-safe-area-context:compileDebugKotlin
w: file:///Users/kyle/share/devel/ser/chat/node_modules/react-native-safe-area-context/android/src/main/java/com/th3rdwave/safeareacontext/SafeAreaView.kt:9:8 'class UIManagerModule : ReactContextBaseJavaModule, OnBatchCompleteListener, LifecycleEventListener, UIManager' is deprecated. Deprecated in Java.
w: file:///Users/kyle/share/devel/ser/chat/node_modules/react-native-safe-area-context/android/src/main/java/com/th3rdwave/safeareacontext/SafeAreaView.kt:50:54 'class UIManagerModule : ReactContextBaseJavaModule, OnBatchCompleteListener, LifecycleEventListener, UIManager' is deprecated. Deprecated in Java.
w: file:///Users/kyle/share/devel/ser/chat/node_modules/react-native-safe-area-context/android/src/main/java/com/th3rdwave/safeareacontext/SafeAreaView.kt:59:23 'val uiImplementation: UIImplementation!' is deprecated. Deprecated in Java.
w: file:///Users/kyle/share/devel/ser/chat/node_modules/react-native-safe-area-context/android/src/main/java/com/th3rdwave/safeareacontext/SafeAreaViewShadowNode.kt:9:32 'class LayoutShadowNode : ReactShadowNodeImpl' is deprecated. Deprecated in Java.
w: file:///Users/kyle/share/devel/ser/chat/node_modules/react-native-safe-area-context/android/src/main/java/com/th3rdwave/safeareacontext/SafeAreaViewShadowNode.kt:110:61 'class NativeViewHierarchyOptimizer : Any' is deprecated. Deprecated in Java.

> Task :app:processDebugResources
> Task :app:configureCMakeDebug[arm64-v8a]
> Task :react-native-safe-area-context:compileDebugJavaWithJavac
> Task :react-native-safe-area-context:bundleLibCompileToJarDebug
> Task :react-native-safe-area-context:processDebugJavaRes
> Task :react-native-safe-area-context:bundleLibRuntimeToJarDebug
> Task :react-native-safe-area-context:bundleLibRuntimeToDirDebug

> Task :react-native-screens:compileDebugKotlin
w: file:///Users/kyle/share/devel/ser/chat/node_modules/react-native-screens/android/src/main/java/com/swmansion/rnscreens/RNScreensPackage.kt:58:9 The corresponding parameter in the supertype 'BaseReactPackage' is named 'name'. This may cause problems when calling this function with named arguments.
w: file:///Users/kyle/share/devel/ser/chat/node_modules/react-native-screens/android/src/main/java/com/swmansion/rnscreens/RNScreensPackage.kt:59:9 The corresponding parameter in the supertype 'BaseReactPackage' is named 'reactContext'. This may cause problems when calling this function with named arguments.
w: file:///Users/kyle/share/devel/ser/chat/node_modules/react-native-screens/android/src/main/java/com/swmansion/rnscreens/RNScreensPackage.kt:72:17 'constructor(name: String, className: String, canOverrideExistingModule: Boolean, needsEagerInit: Boolean, hasConstants: Boolean, isCxxModule: Boolean, isTurboModule: Boolean): ReactModuleInfo' is deprecated. This constructor is deprecated and will be removed in the future. Use ReactModuleInfo(String, String, boolean, boolean, boolean, boolean)].
w: file:///Users/kyle/share/devel/ser/chat/node_modules/react-native-screens/android/src/main/java/com/swmansion/rnscreens/Screen.kt:23:8 'class UIManagerModule : ReactContextBaseJavaModule, OnBatchCompleteListener, LifecycleEventListener, UIManager' is deprecated. Deprecated in Java.
w: file:///Users/kyle/share/devel/ser/chat/node_modules/react-native-screens/android/src/main/java/com/swmansion/rnscreens/Screen.kt:49:77 Unchecked cast of '(CoordinatorLayout.Behavior<View!>?..CoordinatorLayout.Behavior<*>?)' to 'BottomSheetBehavior<Screen>'.
w: file:///Users/kyle/share/devel/ser/chat/node_modules/react-native-screens/android/src/main/java/com/swmansion/rnscreens/Screen.kt:229:42 'class UIManagerModule : ReactContextBaseJavaModule, OnBatchCompleteListener, LifecycleEventListener, UIManager' is deprecated. Deprecated in Java.
w: file:///Users/kyle/share/devel/ser/chat/node_modules/react-native-screens/android/src/main/java/com/swmansion/rnscreens/ScreenContainerViewManager.kt:6:8 'class LayoutShadowNode : ReactShadowNodeImpl' is deprecated. Deprecated in Java.
w: file:///Users/kyle/share/devel/ser/chat/node_modules/react-native-screens/android/src/main/java/com/swmansion/rnscreens/ScreenContainerViewManager.kt:56:78 'class LayoutShadowNode : ReactShadowNodeImpl' is deprecated. Deprecated in Java.
w: file:///Users/kyle/share/devel/ser/chat/node_modules/react-native-screens/android/src/main/java/com/swmansion/rnscreens/ScreenStackFragment.kt:218:31 'var targetElevation: Float' is deprecated. Deprecated in Java.
w: file:///Users/kyle/share/devel/ser/chat/node_modules/react-native-screens/android/src/main/java/com/swmansion/rnscreens/ScreenStackFragment.kt:221:13 'fun setHasOptionsMenu(p0: Boolean): Unit' is deprecated. Deprecated in Java.
w: file:///Users/kyle/share/devel/ser/chat/node_modules/react-native-screens/android/src/main/java/com/swmansion/rnscreens/ScreenStackFragment.kt:398:18 This declaration overrides a deprecated member but is not marked as deprecated itself. Add the '@Deprecated' annotation or suppress the diagnostic.
w: file:///Users/kyle/share/devel/ser/chat/node_modules/react-native-screens/android/src/main/java/com/swmansion/rnscreens/ScreenStackFragment.kt:405:22 'fun onPrepareOptionsMenu(p0: Menu): Unit' is deprecated. Deprecated in Java.
w: file:///Users/kyle/share/devel/ser/chat/node_modules/react-native-screens/android/src/main/java/com/swmansion/rnscreens/ScreenStackFragment.kt:408:18 This declaration overrides a deprecated member but is not marked as deprecated itself. Add the '@Deprecated' annotation or suppress the diagnostic.
w: file:///Users/kyle/share/devel/ser/chat/node_modules/react-native-screens/android/src/main/java/com/swmansion/rnscreens/ScreenStackFragment.kt:413:22 'fun onCreateOptionsMenu(p0: Menu, p1: MenuInflater): Unit' is deprecated. Deprecated in Java.
w: file:///Users/kyle/share/devel/ser/chat/node_modules/react-native-screens/android/src/main/java/com/swmansion/rnscreens/ScreenStackHeaderConfig.kt:428:18 'val reactNativeHost: ReactNativeHost' is deprecated. You should not use ReactNativeHost directly in the New Architecture. Use ReactHost instead.
w: file:///Users/kyle/share/devel/ser/chat/node_modules/react-native-screens/android/src/main/java/com/swmansion/rnscreens/ScreenStackHeaderConfigShadowNode.kt:4:8 'class LayoutShadowNode : ReactShadowNodeImpl' is deprecated. Deprecated in Java.
w: file:///Users/kyle/share/devel/ser/chat/node_modules/react-native-screens/android/src/main/java/com/swmansion/rnscreens/ScreenStackHeaderConfigShadowNode.kt:10:5 'class LayoutShadowNode : ReactShadowNodeImpl' is deprecated. Deprecated in Java.
w: file:///Users/kyle/share/devel/ser/chat/node_modules/react-native-screens/android/src/main/java/com/swmansion/rnscreens/ScreenStackHeaderConfigViewManager.kt:9:8 'class LayoutShadowNode : ReactShadowNodeImpl' is deprecated. Deprecated in Java.
w: file:///Users/kyle/share/devel/ser/chat/node_modules/react-native-screens/android/src/main/java/com/swmansion/rnscreens/ScreenStackHeaderConfigViewManager.kt:37:78 'class LayoutShadowNode : ReactShadowNodeImpl' is deprecated. Deprecated in Java.
w: file:///Users/kyle/share/devel/ser/chat/node_modules/react-native-screens/android/src/main/java/com/swmansion/rnscreens/ScreenStackViewManager.kt:6:8 'class LayoutShadowNode : ReactShadowNodeImpl' is deprecated. Deprecated in Java.
w: file:///Users/kyle/share/devel/ser/chat/node_modules/react-native-screens/android/src/main/java/com/swmansion/rnscreens/ScreenStackViewManager.kt:65:78 'class LayoutShadowNode : ReactShadowNodeImpl' is deprecated. Deprecated in Java.
w: file:///Users/kyle/share/devel/ser/chat/node_modules/react-native-screens/android/src/main/java/com/swmansion/rnscreens/ScreenWindowTraits.kt:48:42 'fun replaceSystemWindowInsets(p0: Int, p1: Int, p2: Int, p3: Int): WindowInsetsCompat' is deprecated. Deprecated in Java.
w: file:///Users/kyle/share/devel/ser/chat/node_modules/react-native-screens/android/src/main/java/com/swmansion/rnscreens/ScreenWindowTraits.kt:49:39 'val systemWindowInsetLeft: Int' is deprecated. Deprecated in Java.
w: file:///Users/kyle/share/devel/ser/chat/node_modules/react-native-screens/android/src/main/java/com/swmansion/rnscreens/ScreenWindowTraits.kt:51:39 'val systemWindowInsetRight: Int' is deprecated. Deprecated in Java.
w: file:///Users/kyle/share/devel/ser/chat/node_modules/react-native-screens/android/src/main/java/com/swmansion/rnscreens/ScreenWindowTraits.kt:52:39 'val systemWindowInsetBottom: Int' is deprecated. Deprecated in Java.
w: file:///Users/kyle/share/devel/ser/chat/node_modules/react-native-screens/android/src/main/java/com/swmansion/rnscreens/ScreensShadowNode.kt:4:8 'class LayoutShadowNode : ReactShadowNodeImpl' is deprecated. Deprecated in Java.
w: file:///Users/kyle/share/devel/ser/chat/node_modules/react-native-screens/android/src/main/java/com/swmansion/rnscreens/ScreensShadowNode.kt:5:8 'class NativeViewHierarchyManager : Any' is deprecated. Deprecated in Java.
w: file:///Users/kyle/share/devel/ser/chat/node_modules/react-native-screens/android/src/main/java/com/swmansion/rnscreens/ScreensShadowNode.kt:6:8 'class NativeViewHierarchyOptimizer : Any' is deprecated. Deprecated in Java.
w: file:///Users/kyle/share/devel/ser/chat/node_modules/react-native-screens/android/src/main/java/com/swmansion/rnscreens/ScreensShadowNode.kt:7:8 'class UIManagerModule : ReactContextBaseJavaModule, OnBatchCompleteListener, LifecycleEventListener, UIManager' is deprecated. Deprecated in Java.
w: file:///Users/kyle/share/devel/ser/chat/node_modules/react-native-screens/android/src/main/java/com/swmansion/rnscreens/ScreensShadowNode.kt:11:5 'class LayoutShadowNode : ReactShadowNodeImpl' is deprecated. Deprecated in Java.
w: file:///Users/kyle/share/devel/ser/chat/node_modules/react-native-screens/android/src/main/java/com/swmansion/rnscreens/ScreensShadowNode.kt:12:63 'class NativeViewHierarchyOptimizer : Any' is deprecated. Deprecated in Java.
w: file:///Users/kyle/share/devel/ser/chat/node_modules/react-native-screens/android/src/main/java/com/swmansion/rnscreens/ScreensShadowNode.kt:14:34 'class UIManagerModule : ReactContextBaseJavaModule, OnBatchCompleteListener, LifecycleEventListener, UIManager' is deprecated. Deprecated in Java.
w: file:///Users/kyle/share/devel/ser/chat/node_modules/react-native-screens/android/src/main/java/com/swmansion/rnscreens/ScreensShadowNode.kt:14:106 'class NativeViewHierarchyManager : Any' is deprecated. Deprecated in Java.
w: file:///Users/kyle/share/devel/ser/chat/node_modules/react-native-screens/android/src/main/java/com/swmansion/rnscreens/bottomsheet/BottomSheetDialogRootView.kt:7:8 'object ReactFeatureFlags : Any' is deprecated. Use com.facebook.react.internal.featureflags.ReactNativeFeatureFlags instead.
w: file:///Users/kyle/share/devel/ser/chat/node_modules/react-native-screens/android/src/main/java/com/swmansion/rnscreens/bottomsheet/BottomSheetDialogRootView.kt:25:13 'object ReactFeatureFlags : Any' is deprecated. Use com.facebook.react.internal.featureflags.ReactNativeFeatureFlags instead.
w: file:///Users/kyle/share/devel/ser/chat/node_modules/react-native-screens/android/src/main/java/com/swmansion/rnscreens/bottomsheet/BottomSheetDialogRootView.kt:32:9 The corresponding parameter in the supertype 'ReactViewGroup' is named 'left'. This may cause problems when calling this function with named arguments.
w: file:///Users/kyle/share/devel/ser/chat/node_modules/react-native-screens/android/src/main/java/com/swmansion/rnscreens/bottomsheet/BottomSheetDialogRootView.kt:33:9 The corresponding parameter in the supertype 'ReactViewGroup' is named 'top'. This may cause problems when calling this function with named arguments.
w: file:///Users/kyle/share/devel/ser/chat/node_modules/react-native-screens/android/src/main/java/com/swmansion/rnscreens/bottomsheet/BottomSheetDialogRootView.kt:34:9 The corresponding parameter in the supertype 'ReactViewGroup' is named 'right'. This may cause problems when calling this function with named arguments.
w: file:///Users/kyle/share/devel/ser/chat/node_modules/react-native-screens/android/src/main/java/com/swmansion/rnscreens/bottomsheet/BottomSheetDialogRootView.kt:35:9 The corresponding parameter in the supertype 'ReactViewGroup' is named 'bottom'. This may cause problems when calling this function with named arguments.
w: file:///Users/kyle/share/devel/ser/chat/node_modules/react-native-screens/android/src/main/java/com/swmansion/rnscreens/bottomsheet/BottomSheetDialogRootView.kt:71:9 The corresponding parameter in the supertype 'RootView' is named 'childView'. This may cause problems when calling this function with named arguments.
w: file:///Users/kyle/share/devel/ser/chat/node_modules/react-native-screens/android/src/main/java/com/swmansion/rnscreens/bottomsheet/BottomSheetDialogRootView.kt:72:9 The corresponding parameter in the supertype 'RootView' is named 'ev'. This may cause problems when calling this function with named arguments.
w: file:///Users/kyle/share/devel/ser/chat/node_modules/react-native-screens/android/src/main/java/com/swmansion/rnscreens/bottomsheet/BottomSheetDialogRootView.kt:79:46 The corresponding parameter in the supertype 'RootView' is named 'ev'. This may cause problems when calling this function with named arguments.
w: file:///Users/kyle/share/devel/ser/chat/node_modules/react-native-screens/android/src/main/java/com/swmansion/rnscreens/bottomsheet/BottomSheetDialogRootView.kt:83:9 The corresponding parameter in the supertype 'RootView' is named 'childView'. This may cause problems when calling this function with named arguments.
w: file:///Users/kyle/share/devel/ser/chat/node_modules/react-native-screens/android/src/main/java/com/swmansion/rnscreens/bottomsheet/BottomSheetDialogRootView.kt:84:9 The corresponding parameter in the supertype 'RootView' is named 'ev'. This may cause problems when calling this function with named arguments.
w: file:///Users/kyle/share/devel/ser/chat/node_modules/react-native-screens/android/src/main/java/com/swmansion/rnscreens/bottomsheet/BottomSheetDialogRootView.kt:95:34 The corresponding parameter in the supertype 'RootView' is named 't'. This may cause problems when calling this function with named arguments.
w: file:///Users/kyle/share/devel/ser/chat/node_modules/react-native-screens/android/src/main/java/com/swmansion/rnscreens/bottomsheet/DimmingView.kt:63:9 The corresponding parameter in the supertype 'ReactCompoundView' is named 'touchX'. This may cause problems when calling this function with named arguments.
w: file:///Users/kyle/share/devel/ser/chat/node_modules/react-native-screens/android/src/main/java/com/swmansion/rnscreens/bottomsheet/DimmingView.kt:64:9 The corresponding parameter in the supertype 'ReactCompoundView' is named 'touchY'. This may cause problems when calling this function with named arguments.
w: file:///Users/kyle/share/devel/ser/chat/node_modules/react-native-screens/android/src/main/java/com/swmansion/rnscreens/bottomsheet/DimmingView.kt:68:9 The corresponding parameter in the supertype 'ReactCompoundViewGroup' is named 'touchX'. This may cause problems when calling this function with named arguments.
w: file:///Users/kyle/share/devel/ser/chat/node_modules/react-native-screens/android/src/main/java/com/swmansion/rnscreens/bottomsheet/DimmingView.kt:69:9 The corresponding parameter in the supertype 'ReactCompoundViewGroup' is named 'touchY'. This may cause problems when calling this function with named arguments.
w: file:///Users/kyle/share/devel/ser/chat/node_modules/react-native-screens/android/src/main/java/com/swmansion/rnscreens/gamma/tabs/TabsHostViewManager.kt:37:9 The corresponding parameter in the supertype 'TabsHostViewManager' is named 'view'. This may cause problems when calling this function with named arguments.
w: file:///Users/kyle/share/devel/ser/chat/node_modules/react-native-screens/android/src/main/java/com/swmansion/rnscreens/safearea/SafeAreaView.kt:18:8 'class UIManagerModule : ReactContextBaseJavaModule, OnBatchCompleteListener, LifecycleEventListener, UIManager' is deprecated. Deprecated in Java.
w: file:///Users/kyle/share/devel/ser/chat/node_modules/react-native-screens/android/src/main/java/com/swmansion/rnscreens/safearea/SafeAreaView.kt:176:58 'class UIManagerModule : ReactContextBaseJavaModule, OnBatchCompleteListener, LifecycleEventListener, UIManager' is deprecated. Deprecated in Java.
w: file:///Users/kyle/share/devel/ser/chat/node_modules/react-native-screens/android/src/main/java/com/swmansion/rnscreens/safearea/SafeAreaView.kt:183:31 'val uiImplementation: UIImplementation!' is deprecated. Deprecated in Java.
w: file:///Users/kyle/share/devel/ser/chat/node_modules/react-native-screens/android/src/main/java/com/swmansion/rnscreens/safearea/paper/SafeAreaViewShadowNode.kt:7:8 'class LayoutShadowNode : ReactShadowNodeImpl' is deprecated. Deprecated in Java.
w: file:///Users/kyle/share/devel/ser/chat/node_modules/react-native-screens/android/src/main/java/com/swmansion/rnscreens/safearea/paper/SafeAreaViewShadowNode.kt:8:8 'class NativeViewHierarchyOptimizer : Any' is deprecated. Deprecated in Java.
w: file:///Users/kyle/share/devel/ser/chat/node_modules/react-native-screens/android/src/main/java/com/swmansion/rnscreens/safearea/paper/SafeAreaViewShadowNode.kt:14:32 'class LayoutShadowNode : ReactShadowNodeImpl' is deprecated. Deprecated in Java.
w: file:///Users/kyle/share/devel/ser/chat/node_modules/react-native-screens/android/src/main/java/com/swmansion/rnscreens/safearea/paper/SafeAreaViewShadowNode.kt:83:63 'class NativeViewHierarchyOptimizer : Any' is deprecated. Deprecated in Java.

> Task :app:mergeExtDexDebug
> Task :app:buildCMakeDebug[arm64-v8a]
> Task :react-native-screens:compileDebugJavaWithJavac
> Task :react-native-screens:processDebugJavaRes
> Task :react-native-screens:bundleLibRuntimeToJarDebug
> Task :react-native-screens:bundleLibCompileToJarDebug
> Task :react-native-screens:bundleLibRuntimeToDirDebug
> Task :app:configureCMakeDebug[armeabi-v7a]
> Task :app:compileDebugKotlin
> Task :app:buildCMakeDebug[armeabi-v7a]
> Task :app:compileDebugJavaWithJavac
> Task :app:dexBuilderDebug
> Task :app:processDebugJavaRes
> Task :app:mergeDebugGlobalSynthetics
> Task :app:mergeLibDexDebug
> Task :app:mergeProjectDexDebug
> Task :app:mergeDebugJavaResource
> Task :app:configureCMakeDebug[x86]
> Task :app:buildCMakeDebug[x86]
> Task :app:configureCMakeDebug[x86_64]
> Task :app:buildCMakeDebug[x86_64]
> Task :app:mergeDebugJniLibFolders
> Task :react-native-safe-area-context:mergeDebugJniLibFolders
> Task :react-native-safe-area-context:mergeDebugNativeLibs NO-SOURCE
> Task :react-native-safe-area-context:copyDebugJniLibsProjectOnly
> Task :react-native-screens:configureCMakeDebug[arm64-v8a]
> Task :react-native-screens:buildCMakeDebug[arm64-v8a]
> Task :react-native-screens:configureCMakeDebug[armeabi-v7a]
> Task :react-native-screens:buildCMakeDebug[armeabi-v7a]
> Task :react-native-screens:configureCMakeDebug[x86]
> Task :react-native-screens:buildCMakeDebug[x86]
> Task :react-native-screens:configureCMakeDebug[x86_64]
> Task :react-native-screens:buildCMakeDebug[x86_64]
> Task :react-native-screens:mergeDebugJniLibFolders
> Task :react-native-vector-icons:mergeDebugJniLibFolders
> Task :react-native-vector-icons:mergeDebugNativeLibs NO-SOURCE
> Task :react-native-vector-icons:copyDebugJniLibsProjectOnly
> Task :app:validateSigningDebug
> Task :app:writeDebugAppMetadata
> Task :app:writeDebugSigningConfigVersions
> Task :react-native-safe-area-context:stripDebugDebugSymbols NO-SOURCE
> Task :react-native-safe-area-context:copyDebugJniLibsProjectAndLocalJars
> Task :react-native-safe-area-context:extractDebugAnnotations
> Task :react-native-safe-area-context:extractDeepLinksForAarDebug UP-TO-DATE
> Task :react-native-safe-area-context:mergeDebugGeneratedProguardFiles UP-TO-DATE
> Task :react-native-safe-area-context:mergeDebugConsumerProguardFiles UP-TO-DATE
> Task :react-native-safe-area-context:prepareDebugArtProfile UP-TO-DATE
> Task :react-native-safe-area-context:prepareLintJarForPublish UP-TO-DATE
> Task :react-native-safe-area-context:mergeDebugJavaResource
> Task :react-native-screens:extractDebugAnnotations
> Task :react-native-safe-area-context:syncDebugLibJars
> Task :react-native-safe-area-context:bundleDebugAar
> Task :react-native-safe-area-context:assembleDebug
> Task :react-native-screens:extractDeepLinksForAarDebug UP-TO-DATE
> Task :react-native-screens:mergeDebugGeneratedProguardFiles UP-TO-DATE
> Task :react-native-screens:mergeDebugConsumerProguardFiles UP-TO-DATE
> Task :react-native-screens:prepareDebugArtProfile UP-TO-DATE
> Task :react-native-screens:prepareLintJarForPublish UP-TO-DATE
> Task :react-native-vector-icons:stripDebugDebugSymbols NO-SOURCE
> Task :react-native-vector-icons:copyDebugJniLibsProjectAndLocalJars
> Task :react-native-screens:mergeDebugJavaResource
> Task :react-native-vector-icons:extractDebugAnnotations
> Task :react-native-screens:mergeDebugNativeLibs
> Task :react-native-screens:syncDebugLibJars
> Task :react-native-vector-icons:extractDeepLinksForAarDebug UP-TO-DATE
> Task :react-native-vector-icons:mergeDebugGeneratedProguardFiles UP-TO-DATE
> Task :react-native-vector-icons:mergeDebugConsumerProguardFiles UP-TO-DATE
> Task :react-native-vector-icons:prepareDebugArtProfile UP-TO-DATE
> Task :react-native-vector-icons:prepareLintJarForPublish UP-TO-DATE
> Task :react-native-vector-icons:mergeDebugJavaResource
> Task :react-native-vector-icons:syncDebugLibJars
> Task :react-native-vector-icons:bundleDebugAar
> Task :react-native-vector-icons:assembleDebug
> Task :app:preDebugAndroidTestBuild SKIPPED
> Task :app:bundleDebugClassesToCompileJar
> Task :react-native-screens:copyDebugJniLibsProjectOnly
> Task :react-native-screens:stripDebugDebugSymbols
> Task :app:processDebugAndroidTestManifest
> Task :app:generateDebugAndroidTestBuildConfig
> Task :react-native-screens:copyDebugJniLibsProjectAndLocalJars
> Task :app:checkDebugAndroidTestAarMetadata
> Task :react-native-screens:bundleDebugAar
> Task :react-native-screens:assembleDebug
> Task :app:generateDebugAndroidTestResValues
> Task :app:mapDebugAndroidTestSourceSetPaths
> Task :app:generateDebugAndroidTestResources
> Task :app:javaPreCompileDebugAndroidTest
> Task :app:mergeDebugAndroidTestShaders
> Task :app:compileDebugAndroidTestShaders NO-SOURCE
> Task :app:generateDebugAndroidTestAssets UP-TO-DATE
> Task :app:mergeDebugAndroidTestAssets
> Task :app:compressDebugAndroidTestAssets
> Task :app:desugarDebugAndroidTestFileDependencies
> Task :app:mergeDebugAndroidTestResources
> Task :app:checkDebugAndroidTestDuplicateClasses
> Task :app:processDebugAndroidTestResources
> Task :app:mergeDebugNativeLibs
> Task :app:compileDebugAndroidTestKotlin NO-SOURCE
> Task :app:stripDebugDebugSymbols
> Task :app:compileDebugAndroidTestJavaWithJavac
> Task :app:dexBuilderDebugAndroidTest
> Task :app:processDebugAndroidTestJavaRes NO-SOURCE
> Task :app:mergeDebugAndroidTestGlobalSynthetics
> Task :app:mergeLibDexDebugAndroidTest
> Task :app:mergeDebugAndroidTestJniLibFolders
> Task :app:mergeDebugAndroidTestNativeLibs NO-SOURCE
> Task :app:stripDebugAndroidTestDebugSymbols NO-SOURCE
> Task :app:validateSigningDebugAndroidTest
> Task :app:writeDebugAndroidTestSigningConfigVersions
> Task :react-native-safe-area-context:preDebugAndroidTestBuild
> Task :react-native-safe-area-context:processDebugAndroidTestManifest
> Task :react-native-safe-area-context:generateDebugAndroidTestBuildConfig
> Task :react-native-safe-area-context:generateDebugAndroidTestResValues
> Task :react-native-safe-area-context:checkDebugAndroidTestAarMetadata
> Task :react-native-safe-area-context:mapDebugAndroidTestSourceSetPaths
> Task :react-native-safe-area-context:generateDebugAndroidTestResources
> Task :app:mergeProjectDexDebugAndroidTest
> Task :app:mergeExtDexDebugAndroidTest
> Task :app:mergeDebugAndroidTestJavaResource
> Task :react-native-safe-area-context:javaPreCompileDebugAndroidTest
> Task :react-native-safe-area-context:mergeDebugAndroidTestShaders
> Task :react-native-safe-area-context:compileDebugAndroidTestShaders NO-SOURCE
> Task :react-native-safe-area-context:generateDebugAndroidTestAssets UP-TO-DATE
> Task :react-native-safe-area-context:mergeDebugAndroidTestAssets
> Task :react-native-safe-area-context:compressDebugAndroidTestAssets
> Task :react-native-safe-area-context:desugarDebugAndroidTestFileDependencies
> Task :react-native-safe-area-context:mergeDebugAndroidTestJniLibFolders
> Task :react-native-safe-area-context:checkDebugAndroidTestDuplicateClasses
> Task :react-native-safe-area-context:mergeLibDexDebugAndroidTest
> Task :react-native-safe-area-context:mergeDebugAndroidTestResources
> Task :react-native-safe-area-context:validateSigningDebugAndroidTest
> Task :react-native-safe-area-context:writeDebugAndroidTestSigningConfigVersions
> Task :react-native-screens:preDebugAndroidTestBuild
> Task :react-native-screens:processDebugAndroidTestManifest
> Task :react-native-screens:generateDebugAndroidTestBuildConfig
> Task :react-native-screens:generateDebugAndroidTestResValues
> Task :react-native-screens:checkDebugAndroidTestAarMetadata
> Task :react-native-screens:mapDebugAndroidTestSourceSetPaths
> Task :react-native-screens:generateDebugAndroidTestResources
> Task :react-native-safe-area-context:mergeDebugAndroidTestNativeLibs
> Task :react-native-safe-area-context:processDebugAndroidTestResources
> Task :react-native-safe-area-context:compileDebugAndroidTestKotlin NO-SOURCE
> Task :react-native-safe-area-context:compileDebugAndroidTestJavaWithJavac
> Task :react-native-safe-area-context:dexBuilderDebugAndroidTest
> Task :react-native-safe-area-context:processDebugAndroidTestJavaRes NO-SOURCE
> Task :react-native-safe-area-context:mergeDebugAndroidTestGlobalSynthetics
> Task :react-native-screens:mergeDebugAndroidTestResources
> Task :react-native-screens:mergeDebugAndroidTestShaders
> Task :react-native-screens:compileDebugAndroidTestShaders NO-SOURCE
> Task :react-native-screens:generateDebugAndroidTestAssets UP-TO-DATE
> Task :react-native-screens:javaPreCompileDebugAndroidTest
> Task :react-native-screens:mergeDebugAndroidTestAssets
> Task :react-native-screens:compressDebugAndroidTestAssets
> Task :react-native-screens:desugarDebugAndroidTestFileDependencies
> Task :react-native-safe-area-context:mergeProjectDexDebugAndroidTest
> Task :app:packageDebugAndroidTest
> Task :react-native-screens:checkDebugAndroidTestDuplicateClasses
> Task :app:createDebugAndroidTestApkListingFileRedirect
> Task :app:assembleDebugAndroidTest
> Task :app:assembleAndroidTest
> Task :react-native-screens:mergeDebugAndroidTestJniLibFolders
> Task :react-native-screens:mergeLibDexDebugAndroidTest
> Task :react-native-safe-area-context:mergeDebugAndroidTestJavaResource
> Task :app:packageDebug
> Task :app:createDebugApkListingFileRedirect
> Task :app:assembleDebug
> Task :react-native-screens:validateSigningDebugAndroidTest
> Task :react-native-screens:writeDebugAndroidTestSigningConfigVersions
> Task :react-native-vector-icons:preDebugAndroidTestBuild
> Task :react-native-vector-icons:processDebugAndroidTestManifest
> Task :react-native-vector-icons:generateDebugAndroidTestBuildConfig
> Task :react-native-vector-icons:javaPreCompileDebugAndroidTest
> Task :react-native-vector-icons:generateDebugAndroidTestResValues
> Task :react-native-vector-icons:checkDebugAndroidTestAarMetadata
> Task :react-native-vector-icons:mapDebugAndroidTestSourceSetPaths
> Task :react-native-vector-icons:generateDebugAndroidTestResources
> Task :react-native-vector-icons:mergeDebugAndroidTestShaders
> Task :react-native-vector-icons:compileDebugAndroidTestShaders NO-SOURCE
> Task :react-native-vector-icons:generateDebugAndroidTestAssets UP-TO-DATE
> Task :react-native-vector-icons:mergeDebugAndroidTestAssets
> Task :react-native-vector-icons:compressDebugAndroidTestAssets
> Task :react-native-vector-icons:desugarDebugAndroidTestFileDependencies
> Task :react-native-vector-icons:processDebugAndroidTestJavaRes NO-SOURCE
> Task :react-native-vector-icons:mergeDebugAndroidTestJniLibFolders
> Task :react-native-vector-icons:checkDebugAndroidTestDuplicateClasses
> Task :react-native-vector-icons:validateSigningDebugAndroidTest
> Task :react-native-vector-icons:writeDebugAndroidTestSigningConfigVersions
> Task :react-native-vector-icons:mergeLibDexDebugAndroidTest
> Task :react-native-vector-icons:mergeDebugAndroidTestResources
> Task :react-native-screens:processDebugAndroidTestResources
> Task :react-native-screens:compileDebugAndroidTestKotlin NO-SOURCE
> Task :react-native-vector-icons:mergeDebugAndroidTestJavaResource
> Task :react-native-safe-area-context:stripDebugAndroidTestDebugSymbols
> Task :react-native-vector-icons:mergeDebugAndroidTestNativeLibs
> Task :react-native-screens:compileDebugAndroidTestJavaWithJavac
> Task :react-native-safe-area-context:mergeExtDexDebugAndroidTest
> Task :react-native-screens:dexBuilderDebugAndroidTest
> Task :react-native-screens:processDebugAndroidTestJavaRes NO-SOURCE
> Task :react-native-screens:mergeDebugAndroidTestGlobalSynthetics
> Task :react-native-screens:mergeDebugAndroidTestNativeLibs
> Task :react-native-vector-icons:processDebugAndroidTestResources
> Task :react-native-vector-icons:compileDebugAndroidTestJavaWithJavac
> Task :react-native-vector-icons:dexBuilderDebugAndroidTest
> Task :react-native-vector-icons:mergeDebugAndroidTestGlobalSynthetics
> Task :react-native-screens:stripDebugAndroidTestDebugSymbols
> Task :react-native-screens:mergeProjectDexDebugAndroidTest
> Task :react-native-vector-icons:mergeProjectDexDebugAndroidTest
> Task :react-native-screens:mergeDebugAndroidTestJavaResource
> Task :react-native-vector-icons:stripDebugAndroidTestDebugSymbols
> Task :react-native-safe-area-context:packageDebugAndroidTest
> Task :react-native-safe-area-context:createDebugAndroidTestApkListingFileRedirect
> Task :react-native-safe-area-context:assembleDebugAndroidTest
> Task :react-native-safe-area-context:assembleAndroidTest
> Task :react-native-screens:mergeExtDexDebugAndroidTest
> Task :react-native-screens:packageDebugAndroidTest
> Task :react-native-screens:createDebugAndroidTestApkListingFileRedirect
> Task :react-native-screens:assembleDebugAndroidTest
> Task :react-native-screens:assembleAndroidTest
> Task :react-native-vector-icons:mergeExtDexDebugAndroidTest
> Task :react-native-vector-icons:packageDebugAndroidTest
> Task :react-native-vector-icons:createDebugAndroidTestApkListingFileRedirect
> Task :react-native-vector-icons:assembleDebugAndroidTest
> Task :react-native-vector-icons:assembleAndroidTest

[Incubating] Problems report is available at: file:///Users/kyle/share/devel/ser/chat/android/build/reports/problems/problems-report.html

Deprecated Gradle features were used in this build, making it incompatible with Gradle 10.

You can use '--warning-mode all' to show the individual deprecation warnings and determine if they come from your own scripts or plugins.

For more on this, please refer to https://docs.gradle.org/9.0.0/userguide/command_line_interface.html#sec:command_line_warnings in the Gradle documentation.

BUILD SUCCESSFUL in 2m 23s
286 actionable tasks: 261 executed, 25 up-to-date
Consider enabling configuration cache to speed up this build: https://docs.gradle.org/9.0.0/userguide/configuration_cache_enabling.html
